{"content": {"suites": {"0": {"status": {"total_pass": 2, "total_skip": 0, "total_xpass": 0, "total_xfail": 0, "total_rerun": 0, "total_fail": 3, "total_error": 0}, "tests": {"0": {"status": "PASS", "message": "", "test_name": "test_Login_failed_incorrect_password", "rerun": "0"}, "1": {"status": "PASS", "message": "", "test_name": "test_Login_failed_incorrect_username", "rerun": "0"}, "2": {"status": "FAIL", "message": "   selenium.common.exceptions.WebDriverException: Message: chrome not reachable\n     (Session info: chrome=92.0.4515.107)\n", "test_name": "test_Login_failed_without_password", "rerun": "0"}, "3": {"status": "FAIL", "message": "   selenium.common.exceptions.WebDriverException: Message: chrome not reachable\n     (Session info: chrome=92.0.4515.107)\n", "test_name": "test_Login_failed_without_username", "rerun": "0"}, "4": {"status": "FAIL", "message": "   selenium.common.exceptions.WebDriverException: Message: chrome not reachable\n     (Session info: chrome=92.0.4515.107)\n", "test_name": "test_Login_success", "rerun": "0"}}, "suite_name": "Tests/step_definitions/Test_LoginTest.py"}}}, "date": "August 03, 2021", "start_time": 1628016154.344993, "total_suite": 1, "status": "FAIL", "status_list": {"pass": "2", "fail": "3", "skip": "0", "error": "0", "xpass": "0", "xfail": "0", "rerun": "0"}, "total_tests": "5"}